2015-04-10 15:55:23.312 HelloCordova[34442:639311] DiskCookieStorage changing policy from 2 to 0, cookie file: file:///Users/nikolai/Library/Developer/CoreSimulator/Devices/1182F1D2-4303-4765-9679-AEC18AF8737F/data/Containers/Data/Application/D329040B-0B9F-42C6-AE03-C723CBDE7BAB/Library/Cookies/Cookies.binarycookies
2015-04-10 15:55:23.513 HelloCordova[34442:639311] Apache Cordova native platform version 3.8.0 is starting.
2015-04-10 15:55:23.514 HelloCordova[34442:639311] Multi-tasking -> Device: YES, App: YES
2015-04-10 15:55:23.524 HelloCordova[34442:639311] Unlimited access to network resources
2015-04-10 15:55:23.531 HelloCordova[34442:639311] 

Started backup to iCloud! Please be careful.
Your application might be rejected by Apple if you store too much data.
For more information please read "iOS Data Storage Guidelines" at:
https://developer.apple.com/icloud/documentation/data-storage/
To disable web storage backup to iCloud, set the BackupWebStorage preference to "local" in the Cordova config.xml file

2015-04-10 15:55:24.500 HelloCordova[34442:639311] Resetting plugins due to page load.
2015-04-10 15:55:24.639 HelloCordova[34442:639311] Finished load of: file:///Users/nikolai/Library/Developer/CoreSimulator/Devices/1182F1D2-4303-4765-9679-AEC18AF8737F/data/Containers/Bundle/Application/4A8280E2-9AC9-4343-AE1F-DCC1A4C086F4/HelloCordova.app/www/index.html
2015-04-10 15:55:26.133 HelloCordova[34442:639311] Resetting plugins due to page load.
2015-04-10 15:55:26.157 HelloCordova[34442:639311] Finished load of: file:///Users/nikolai/Library/Developer/CoreSimulator/Devices/1182F1D2-4303-4765-9679-AEC18AF8737F/data/Containers/Bundle/Application/4A8280E2-9AC9-4343-AE1F-DCC1A4C086F4/HelloCordova.app/www/inflow.html
2015-04-10 15:55:27.281 HelloCordova[34442:639311] THREAD WARNING: ['TeadsPlugin'] took '16.239014' ms. Plugin should use a background thread.
2015-04-10 15:55:28.933 HelloCordova[34442:639311] THREAD WARNING: ['TeadsPlugin'] took '87.975830' ms. Plugin should use a background thread.
Apr 10 15:55:30 MacBook-Pro-de-Nikolai.local rtcreporting[34442] <Info>: logging starts...
Apr 10 15:55:30 MacBook-Pro-de-Nikolai.local rtcreporting[34442] <Debug>: setMessageLoggingBlock: called
2015-04-10 15:55:33.679 HelloCordova[34442:639311] Resetting plugins due to page load.
2015-04-10 15:55:33.695 HelloCordova[34442:639311] Finished load of: file:///Users/nikolai/Library/Developer/CoreSimulator/Devices/1182F1D2-4303-4765-9679-AEC18AF8737F/data/Containers/Bundle/Application/4A8280E2-9AC9-4343-AE1F-DCC1A4C086F4/HelloCordova.app/www/index.html
2015-04-10 15:55:34.735 HelloCordova[34442:639311] Resetting plugins due to page load.
2015-04-10 15:55:34.763 HelloCordova[34442:639311] Finished load of: file:///Users/nikolai/Library/Developer/CoreSimulator/Devices/1182F1D2-4303-4765-9679-AEC18AF8737F/data/Containers/Bundle/Application/4A8280E2-9AC9-4343-AE1F-DCC1A4C086F4/HelloCordova.app/www/inread.html
Apr 10 15:55:37 MacBook-Pro-de-Nikolai.local rtcreporting[34442] <Debug>: setMessageLoggingBlock: called
2015-04-10 15:55:49.925 HelloCordova[34442:639311] Resetting plugins due to page load.
2015-04-10 15:55:49.945 HelloCordova[34442:639311] Finished load of: file:///Users/nikolai/Library/Developer/CoreSimulator/Devices/1182F1D2-4303-4765-9679-AEC18AF8737F/data/Containers/Bundle/Application/4A8280E2-9AC9-4343-AE1F-DCC1A4C086F4/HelloCordova.app/www/index.html
2015-04-10 15:55:50.926 HelloCordova[34442:639311] Resetting plugins due to page load.
2015-04-10 15:55:50.953 HelloCordova[34442:639311] Finished load of: file:///Users/nikolai/Library/Developer/CoreSimulator/Devices/1182F1D2-4303-4765-9679-AEC18AF8737F/data/Containers/Bundle/Application/4A8280E2-9AC9-4343-AE1F-DCC1A4C086F4/HelloCordova.app/www/inboard.html
Apr 10 15:55:52 MacBook-Pro-de-Nikolai.local rtcreporting[34442] <Debug>: setMessageLoggingBlock: called
2015-04-10 15:55:56.757 HelloCordova[34442:639311] Resetting plugins due to page load.
2015-04-10 15:55:56.774 HelloCordova[34442:639311] Finished load of: file:///Users/nikolai/Library/Developer/CoreSimulator/Devices/1182F1D2-4303-4765-9679-AEC18AF8737F/data/Containers/Bundle/Application/4A8280E2-9AC9-4343-AE1F-DCC1A4C086F4/HelloCordova.app/www/index.html
Apr 10 15:55:57 MacBook-Pro-de-Nikolai.local rtcreporting[34442] <Debug>: initWithSessionInfo: XPC connection interrupted
Apr 10 15:55:57 MacBook-Pro-de-Nikolai.local rtcreporting[34442] <Debug>: initWithSessionInfo: XPC connection interrupted
2015-04-10 16:16:47.984 HelloCordova[35684:653402] DiskCookieStorage changing policy from 2 to 0, cookie file: file:///Users/nikolai/Library/Developer/CoreSimulator/Devices/1182F1D2-4303-4765-9679-AEC18AF8737F/data/Containers/Data/Application/A2F4A5AE-4E7D-410E-89E5-E6D8CB0344B1/Library/Cookies/Cookies.binarycookies
2015-04-10 16:16:48.164 HelloCordova[35684:653402] Apache Cordova native platform version 3.8.0 is starting.
2015-04-10 16:16:48.164 HelloCordova[35684:653402] Multi-tasking -> Device: YES, App: YES
2015-04-10 16:16:48.172 HelloCordova[35684:653402] Unlimited access to network resources
2015-04-10 16:16:48.179 HelloCordova[35684:653402] 

Started backup to iCloud! Please be careful.
Your application might be rejected by Apple if you store too much data.
For more information please read "iOS Data Storage Guidelines" at:
https://developer.apple.com/icloud/documentation/data-storage/
To disable web storage backup to iCloud, set the BackupWebStorage preference to "local" in the Cordova config.xml file

2015-04-10 16:16:48.572 HelloCordova[35684:653402] Resetting plugins due to page load.
2015-04-10 16:16:48.685 HelloCordova[35684:653402] Finished load of: file:///Users/nikolai/Library/Developer/CoreSimulator/Devices/1182F1D2-4303-4765-9679-AEC18AF8737F/data/Containers/Bundle/Application/87570309-EF3E-422F-96C1-7051B6ABB522/HelloCordova.app/www/index.html
2015-04-10 16:18:20.474 HelloCordova[35944:656086] DiskCookieStorage changing policy from 2 to 0, cookie file: file:///Users/nikolai/Library/Developer/CoreSimulator/Devices/1182F1D2-4303-4765-9679-AEC18AF8737F/data/Containers/Data/Application/8C1BE4DF-044F-4A02-9F12-644E8FED4215/Library/Cookies/Cookies.binarycookies
2015-04-10 16:18:20.551 HelloCordova[35944:656086] Apache Cordova native platform version 3.8.0 is starting.
2015-04-10 16:18:20.552 HelloCordova[35944:656086] Multi-tasking -> Device: YES, App: YES
2015-04-10 16:18:20.553 HelloCordova[35944:656086] Unlimited access to network resources
2015-04-10 16:18:20.555 HelloCordova[35944:656086] 

Started backup to iCloud! Please be careful.
Your application might be rejected by Apple if you store too much data.
For more information please read "iOS Data Storage Guidelines" at:
https://developer.apple.com/icloud/documentation/data-storage/
To disable web storage backup to iCloud, set the BackupWebStorage preference to "local" in the Cordova config.xml file

2015-04-10 16:18:20.745 HelloCordova[35944:656086] Resetting plugins due to page load.
2015-04-10 16:18:20.806 HelloCordova[35944:656086] Finished load of: file:///Users/nikolai/Library/Developer/CoreSimulator/Devices/1182F1D2-4303-4765-9679-AEC18AF8737F/data/Containers/Bundle/Application/337E604E-2653-4A76-907B-184D29F7A46E/HelloCordova.app/www/index.html
2015-04-10 16:18:22.587 HelloCordova[35944:656086] Resetting plugins due to page load.
2015-04-10 16:18:22.614 HelloCordova[35944:656086] Finished load of: file:///Users/nikolai/Library/Developer/CoreSimulator/Devices/1182F1D2-4303-4765-9679-AEC18AF8737F/data/Containers/Bundle/Application/337E604E-2653-4A76-907B-184D29F7A46E/HelloCordova.app/www/inflow.html
2015-04-10 16:18:23.646 HelloCordova[35944:656086] THREAD WARNING: ['TeadsPlugin'] took '14.435059' ms. Plugin should use a background thread.
2015-04-10 16:18:25.168 HelloCordova[35944:656086] THREAD WARNING: ['TeadsPlugin'] took '84.937256' ms. Plugin should use a background thread.
Apr 10 16:18:27 MacBook-Pro-de-Nikolai.local rtcreporting[35944] <Info>: logging starts...
Apr 10 16:18:27 MacBook-Pro-de-Nikolai.local rtcreporting[35944] <Debug>: setMessageLoggingBlock: called
2015-04-10 16:18:29.611 HelloCordova[35944:656086] Resetting plugins due to page load.
2015-04-10 16:18:29.629 HelloCordova[35944:656086] Finished load of: file:///Users/nikolai/Library/Developer/CoreSimulator/Devices/1182F1D2-4303-4765-9679-AEC18AF8737F/data/Containers/Bundle/Application/337E604E-2653-4A76-907B-184D29F7A46E/HelloCordova.app/www/index.html
2015-04-10 16:18:30.566 HelloCordova[35944:656086] Resetting plugins due to page load.
2015-04-10 16:18:30.592 HelloCordova[35944:656086] Finished load of: file:///Users/nikolai/Library/Developer/CoreSimulator/Devices/1182F1D2-4303-4765-9679-AEC18AF8737F/data/Containers/Bundle/Application/337E604E-2653-4A76-907B-184D29F7A46E/HelloCordova.app/www/inread.html
2015-04-10 16:18:33.524 HelloCordova[35944:656086] Resetting plugins due to page load.
2015-04-10 16:18:33.546 HelloCordova[35944:656086] Finished load of: file:///Users/nikolai/Library/Developer/CoreSimulator/Devices/1182F1D2-4303-4765-9679-AEC18AF8737F/data/Containers/Bundle/Application/337E604E-2653-4A76-907B-184D29F7A46E/HelloCordova.app/www/index.html
2015-04-10 16:18:34.460 HelloCordova[35944:656086] Resetting plugins due to page load.
2015-04-10 16:18:34.490 HelloCordova[35944:656086] Finished load of: file:///Users/nikolai/Library/Developer/CoreSimulator/Devices/1182F1D2-4303-4765-9679-AEC18AF8737F/data/Containers/Bundle/Application/337E604E-2653-4A76-907B-184D29F7A46E/HelloCordova.app/www/inboard.html
Apr 10 16:18:36 MacBook-Pro-de-Nikolai.local rtcreporting[35944] <Debug>: setMessageLoggingBlock: called
