2015-05-18 15:33:26.188 HelloCordova[4878:91058] DiskCookieStorage changing policy from 2 to 0, cookie file: file:///Users/nikolai/Library/Developer/CoreSimulator/Devices/1182F1D2-4303-4765-9679-AEC18AF8737F/data/Containers/Data/Application/A48EA027-43D3-4B70-98E5-7BE78F4F528A/Library/Cookies/Cookies.binarycookies
2015-05-18 15:33:26.433 HelloCordova[4878:91058] Apache Cordova native platform version 3.8.0 is starting.
2015-05-18 15:33:26.433 HelloCordova[4878:91058] Multi-tasking -> Device: YES, App: YES
2015-05-18 15:33:26.442 HelloCordova[4878:91058] Unlimited access to network resources
2015-05-18 15:33:26.451 HelloCordova[4878:91058] 

Started backup to iCloud! Please be careful.
Your application might be rejected by Apple if you store too much data.
For more information please read "iOS Data Storage Guidelines" at:
https://developer.apple.com/icloud/documentation/data-storage/
To disable web storage backup to iCloud, set the BackupWebStorage preference to "local" in the Cordova config.xml file

2015-05-18 15:33:27.443 HelloCordova[4878:91058] Resetting plugins due to page load.
2015-05-18 15:33:27.607 HelloCordova[4878:91058] Finished load of: file:///Users/nikolai/Library/Developer/CoreSimulator/Devices/1182F1D2-4303-4765-9679-AEC18AF8737F/data/Containers/Bundle/Application/BE061A0F-AE44-4D1A-A53A-DC8387F20E80/HelloCordova.app/www/index.html
2015-05-18 15:33:29.127 HelloCordova[4878:91058] Resetting plugins due to page load.
2015-05-18 15:33:29.160 HelloCordova[4878:91058] Finished load of: file:///Users/nikolai/Library/Developer/CoreSimulator/Devices/1182F1D2-4303-4765-9679-AEC18AF8737F/data/Containers/Bundle/Application/BE061A0F-AE44-4D1A-A53A-DC8387F20E80/HelloCordova.app/www/inboard.html
2015-05-18 15:33:30.311 HelloCordova[4878:91058] THREAD WARNING: ['TeadsPlugin'] took '17.173340' ms. Plugin should use a background thread.
May 18 15:33:32 MacBook-Pro-de-Nikolai.local rtcreporting[4878] <Info>: logging starts...
May 18 15:33:32 MacBook-Pro-de-Nikolai.local rtcreporting[4878] <Debug>: setMessageLoggingBlock: called
2015-05-18 15:33:44.464 HelloCordova[4878:91058] THREAD WARNING: ['TeadsPlugin'] took '55.677734' ms. Plugin should use a background thread.
2015-05-18 15:33:44.473 HelloCordova[4878:91058] Resetting plugins due to page load.
2015-05-18 15:33:44.573 HelloCordova[4878:91058] Finished load of: file:///Users/nikolai/Library/Developer/CoreSimulator/Devices/1182F1D2-4303-4765-9679-AEC18AF8737F/data/Containers/Bundle/Application/BE061A0F-AE44-4D1A-A53A-DC8387F20E80/HelloCordova.app/www/index.html
2015-05-18 15:33:45.556 HelloCordova[4878:91058] Resetting plugins due to page load.
2015-05-18 15:33:45.576 HelloCordova[4878:91058] Finished load of: file:///Users/nikolai/Library/Developer/CoreSimulator/Devices/1182F1D2-4303-4765-9679-AEC18AF8737F/data/Containers/Bundle/Application/BE061A0F-AE44-4D1A-A53A-DC8387F20E80/HelloCordova.app/www/inread.html
May 18 15:33:48 MacBook-Pro-de-Nikolai.local rtcreporting[4878] <Debug>: setMessageLoggingBlock: called
2015-05-18 15:33:58.329 HelloCordova[4878:91058] Resetting plugins due to page load.
2015-05-18 15:33:58.350 HelloCordova[4878:91058] Finished load of: file:///Users/nikolai/Library/Developer/CoreSimulator/Devices/1182F1D2-4303-4765-9679-AEC18AF8737F/data/Containers/Bundle/Application/BE061A0F-AE44-4D1A-A53A-DC8387F20E80/HelloCordova.app/www/index.html
2015-05-18 15:33:59.329 HelloCordova[4878:91058] Resetting plugins due to page load.
2015-05-18 15:33:59.348 HelloCordova[4878:91058] Finished load of: file:///Users/nikolai/Library/Developer/CoreSimulator/Devices/1182F1D2-4303-4765-9679-AEC18AF8737F/data/Containers/Bundle/Application/BE061A0F-AE44-4D1A-A53A-DC8387F20E80/HelloCordova.app/www/inflow.html
2015-05-18 15:34:01.846 HelloCordova[4878:91058] THREAD WARNING: ['TeadsPlugin'] took '61.843994' ms. Plugin should use a background thread.
May 18 15:34:01 MacBook-Pro-de-Nikolai.local rtcreporting[4878] <Debug>: setMessageLoggingBlock: called
2015-05-18 15:34:14.607 HelloCordova[4878:91139] Teads_Error: -[TeadsInterstitial load] [Line 240] Server not reachable
2015-05-18 15:34:24.914 HelloCordova[4878:91058] Resetting plugins due to page load.
2015-05-18 15:34:24.936 HelloCordova[4878:91058] Finished load of: file:///Users/nikolai/Library/Developer/CoreSimulator/Devices/1182F1D2-4303-4765-9679-AEC18AF8737F/data/Containers/Bundle/Application/BE061A0F-AE44-4D1A-A53A-DC8387F20E80/HelloCordova.app/www/index.html
2015-05-18 15:34:26.153 HelloCordova[4878:91058] Resetting plugins due to page load.
2015-05-18 15:34:26.169 HelloCordova[4878:91058] Finished load of: file:///Users/nikolai/Library/Developer/CoreSimulator/Devices/1182F1D2-4303-4765-9679-AEC18AF8737F/data/Containers/Bundle/Application/BE061A0F-AE44-4D1A-A53A-DC8387F20E80/HelloCordova.app/www/inflow.html
2015-05-18 15:34:28.265 HelloCordova[4878:91058] THREAD WARNING: ['TeadsPlugin'] took '58.363037' ms. Plugin should use a background thread.
May 18 15:34:28 MacBook-Pro-de-Nikolai.local rtcreporting[4878] <Debug>: setMessageLoggingBlock: called
2015-05-18 15:34:35.525 HelloCordova[4878:91378] Teads_Error: -[TeadsInterstitial load] [Line 240] Server not reachable
2015-05-18 15:34:37.735 HelloCordova[4878:91058] Resetting plugins due to page load.
2015-05-18 15:34:37.752 HelloCordova[4878:91058] Finished load of: file:///Users/nikolai/Library/Developer/CoreSimulator/Devices/1182F1D2-4303-4765-9679-AEC18AF8737F/data/Containers/Bundle/Application/BE061A0F-AE44-4D1A-A53A-DC8387F20E80/HelloCordova.app/www/index.html
2015-05-18 15:34:39.056 HelloCordova[4878:91058] Resetting plugins due to page load.
2015-05-18 15:34:39.074 HelloCordova[4878:91058] Finished load of: file:///Users/nikolai/Library/Developer/CoreSimulator/Devices/1182F1D2-4303-4765-9679-AEC18AF8737F/data/Containers/Bundle/Application/BE061A0F-AE44-4D1A-A53A-DC8387F20E80/HelloCordova.app/www/inflow.html
2015-05-18 15:34:40.823 HelloCordova[4878:91058] THREAD WARNING: ['TeadsPlugin'] took '56.589111' ms. Plugin should use a background thread.
May 18 15:34:40 MacBook-Pro-de-Nikolai.local rtcreporting[4878] <Debug>: setMessageLoggingBlock: called
2015-05-18 15:34:53.117 HelloCordova[4878:91101] Teads_Error: -[TeadsInterstitial load] [Line 240] Server not reachable
2015-05-18 15:34:56.557 HelloCordova[4878:91058] Resetting plugins due to page load.
2015-05-18 15:34:56.580 HelloCordova[4878:91058] Finished load of: file:///Users/nikolai/Library/Developer/CoreSimulator/Devices/1182F1D2-4303-4765-9679-AEC18AF8737F/data/Containers/Bundle/Application/BE061A0F-AE44-4D1A-A53A-DC8387F20E80/HelloCordova.app/www/index.html
2015-05-18 15:34:57.575 HelloCordova[4878:91058] Resetting plugins due to page load.
2015-05-18 15:34:57.592 HelloCordova[4878:91058] Finished load of: file:///Users/nikolai/Library/Developer/CoreSimulator/Devices/1182F1D2-4303-4765-9679-AEC18AF8737F/data/Containers/Bundle/Application/BE061A0F-AE44-4D1A-A53A-DC8387F20E80/HelloCordova.app/www/inflow.html
2015-05-18 15:34:59.503 HelloCordova[4878:91058] THREAD WARNING: ['TeadsPlugin'] took '56.265137' ms. Plugin should use a background thread.
May 18 15:34:59 MacBook-Pro-de-Nikolai.local rtcreporting[4878] <Debug>: setMessageLoggingBlock: called
2015-05-18 15:35:42.029 HelloCordova[4979:92782] Apache Cordova native platform version 3.8.0 is starting.
2015-05-18 15:35:42.030 HelloCordova[4979:92782] Multi-tasking -> Device: YES, App: YES
2015-05-18 15:35:42.031 HelloCordova[4979:92782] Unlimited access to network resources
2015-05-18 15:35:42.033 HelloCordova[4979:92782] 

Started backup to iCloud! Please be careful.
Your application might be rejected by Apple if you store too much data.
For more information please read "iOS Data Storage Guidelines" at:
https://developer.apple.com/icloud/documentation/data-storage/
To disable web storage backup to iCloud, set the BackupWebStorage preference to "local" in the Cordova config.xml file

2015-05-18 15:35:42.231 HelloCordova[4979:92782] Resetting plugins due to page load.
2015-05-18 15:35:42.294 HelloCordova[4979:92782] Finished load of: file:///Users/nikolai/Library/Developer/CoreSimulator/Devices/1182F1D2-4303-4765-9679-AEC18AF8737F/data/Containers/Bundle/Application/20CDD954-5986-4A5D-9CC1-97DF4D9B27F0/HelloCordova.app/www/index.html
2015-05-18 15:35:43.333 HelloCordova[4979:92824] Terminating since there is no system app.
2015-05-18 15:36:00.518 HelloCordova[5076:93475] Apache Cordova native platform version 3.8.0 is starting.
2015-05-18 15:36:00.518 HelloCordova[5076:93475] Multi-tasking -> Device: YES, App: YES
2015-05-18 15:36:00.519 HelloCordova[5076:93475] Unlimited access to network resources
2015-05-18 15:36:00.521 HelloCordova[5076:93475] 

Started backup to iCloud! Please be careful.
Your application might be rejected by Apple if you store too much data.
For more information please read "iOS Data Storage Guidelines" at:
https://developer.apple.com/icloud/documentation/data-storage/
To disable web storage backup to iCloud, set the BackupWebStorage preference to "local" in the Cordova config.xml file

2015-05-18 15:36:00.716 HelloCordova[5076:93475] Resetting plugins due to page load.
2015-05-18 15:36:00.775 HelloCordova[5076:93475] Finished load of: file:///Users/nikolai/Library/Developer/CoreSimulator/Devices/1182F1D2-4303-4765-9679-AEC18AF8737F/data/Containers/Bundle/Application/12460C5D-BF7B-4BA3-820D-A5474DA2ABAA/HelloCordova.app/www/index.html
2015-06-04 11:21:33.262 HelloCordova[18284:550905] Apache Cordova native platform version 3.8.0 is starting.
2015-06-04 11:21:33.265 HelloCordova[18284:550905] Multi-tasking -> Device: YES, App: YES
2015-06-04 11:21:33.274 HelloCordova[18284:550905] Unlimited access to network resources
2015-06-04 11:21:33.281 HelloCordova[18284:550905] 

Started backup to iCloud! Please be careful.
Your application might be rejected by Apple if you store too much data.
For more information please read "iOS Data Storage Guidelines" at:
https://developer.apple.com/icloud/documentation/data-storage/
To disable web storage backup to iCloud, set the BackupWebStorage preference to "local" in the Cordova config.xml file

2015-06-04 11:21:33.709 HelloCordova[18284:550905] Resetting plugins due to page load.
2015-06-04 11:21:33.813 HelloCordova[18284:550905] Finished load of: file:///Users/nikolai/Library/Developer/CoreSimulator/Devices/1182F1D2-4303-4765-9679-AEC18AF8737F/data/Containers/Bundle/Application/833354F4-C613-4E6F-84E6-D7333CAF8257/HelloCordova.app/www/index.html
2015-06-04 11:21:35.119 HelloCordova[18284:550905] Resetting plugins due to page load.
2015-06-04 11:21:35.162 HelloCordova[18284:550905] Finished load of: file:///Users/nikolai/Library/Developer/CoreSimulator/Devices/1182F1D2-4303-4765-9679-AEC18AF8737F/data/Containers/Bundle/Application/833354F4-C613-4E6F-84E6-D7333CAF8257/HelloCordova.app/www/inboard.html
Jun  4 11:21:36 MacBook-Pro-de-Nikolai.local rtcreporting[18284] <Info>: logging starts...
Jun  4 11:21:36 MacBook-Pro-de-Nikolai.local rtcreporting[18284] <Debug>: setMessageLoggingBlock: called
2015-06-04 11:21:40.662 HelloCordova[18284:550905] Resetting plugins due to page load.
2015-06-04 11:21:40.680 HelloCordova[18284:550905] Finished load of: file:///Users/nikolai/Library/Developer/CoreSimulator/Devices/1182F1D2-4303-4765-9679-AEC18AF8737F/data/Containers/Bundle/Application/833354F4-C613-4E6F-84E6-D7333CAF8257/HelloCordova.app/www/index.html
2015-06-04 11:21:41.744 HelloCordova[18284:550905] Resetting plugins due to page load.
2015-06-04 11:21:41.767 HelloCordova[18284:550905] Finished load of: file:///Users/nikolai/Library/Developer/CoreSimulator/Devices/1182F1D2-4303-4765-9679-AEC18AF8737F/data/Containers/Bundle/Application/833354F4-C613-4E6F-84E6-D7333CAF8257/HelloCordova.app/www/inread.html
Jun  4 11:21:43 MacBook-Pro-de-Nikolai.local rtcreporting[18284] <Debug>: setMessageLoggingBlock: called
2015-06-04 11:21:51.982 HelloCordova[18284:550905] Resetting plugins due to page load.
2015-06-04 11:21:51.998 HelloCordova[18284:550905] Finished load of: file:///Users/nikolai/Library/Developer/CoreSimulator/Devices/1182F1D2-4303-4765-9679-AEC18AF8737F/data/Containers/Bundle/Application/833354F4-C613-4E6F-84E6-D7333CAF8257/HelloCordova.app/www/index.html
2015-06-04 11:21:53.215 HelloCordova[18284:550905] Resetting plugins due to page load.
2015-06-04 11:21:53.231 HelloCordova[18284:550905] Finished load of: file:///Users/nikolai/Library/Developer/CoreSimulator/Devices/1182F1D2-4303-4765-9679-AEC18AF8737F/data/Containers/Bundle/Application/833354F4-C613-4E6F-84E6-D7333CAF8257/HelloCordova.app/www/inflow.html
2015-06-04 11:21:55.561 HelloCordova[18284:550905] THREAD WARNING: ['TeadsPlugin'] took '67.332031' ms. Plugin should use a background thread.
Jun  4 11:21:55 MacBook-Pro-de-Nikolai.local rtcreporting[18284] <Debug>: setMessageLoggingBlock: called
2015-06-04 11:21:58.812 HelloCordova[18284:550905] Resetting plugins due to page load.
2015-06-04 11:21:58.828 HelloCordova[18284:550905] Finished load of: file:///Users/nikolai/Library/Developer/CoreSimulator/Devices/1182F1D2-4303-4765-9679-AEC18AF8737F/data/Containers/Bundle/Application/833354F4-C613-4E6F-84E6-D7333CAF8257/HelloCordova.app/www/index.html
2015-06-04 11:22:02.008 HelloCordova[18284:550905] Resetting plugins due to page load.
2015-06-04 11:22:02.024 HelloCordova[18284:550905] Finished load of: file:///Users/nikolai/Library/Developer/CoreSimulator/Devices/1182F1D2-4303-4765-9679-AEC18AF8737F/data/Containers/Bundle/Application/833354F4-C613-4E6F-84E6-D7333CAF8257/HelloCordova.app/www/inflow.html
2015-06-04 11:22:07.539 HelloCordova[18284:550905] THREAD WARNING: ['TeadsPlugin'] took '55.196045' ms. Plugin should use a background thread.
Jun  4 11:22:07 MacBook-Pro-de-Nikolai.local rtcreporting[18284] <Debug>: setMessageLoggingBlock: called
2015-06-04 11:22:16.596 HelloCordova[18284:550905] THREAD WARNING: ['TeadsPlugin'] took '54.290039' ms. Plugin should use a background thread.
Jun  4 11:22:16 MacBook-Pro-de-Nikolai.local rtcreporting[18284] <Debug>: setMessageLoggingBlock: called
2015-06-04 11:22:22.692 HelloCordova[18284:550905] THREAD WARNING: ['TeadsPlugin'] took '54.368896' ms. Plugin should use a background thread.
Jun  4 11:22:22 MacBook-Pro-de-Nikolai.local rtcreporting[18284] <Debug>: setMessageLoggingBlock: called
2015-06-04 11:22:25.750 HelloCordova[18284:550905] Resetting plugins due to page load.
2015-06-04 11:22:25.765 HelloCordova[18284:550905] Finished load of: file:///Users/nikolai/Library/Developer/CoreSimulator/Devices/1182F1D2-4303-4765-9679-AEC18AF8737F/data/Containers/Bundle/Application/833354F4-C613-4E6F-84E6-D7333CAF8257/HelloCordova.app/www/index.html
Jun  4 11:22:26 MacBook-Pro-de-Nikolai.local rtcreporting[18284] <Debug>: initWithSessionInfo: XPC connection interrupted
Jun  4 11:22:26 MacBook-Pro-de-Nikolai.local rtcreporting[18284] <Debug>: initWithSessionInfo: XPC connection interrupted
Jun  4 11:22:26 MacBook-Pro-de-Nikolai.local rtcreporting[18284] <Debug>: initWithSessionInfo: XPC connection interrupted
Jun  4 11:22:26 MacBook-Pro-de-Nikolai.local rtcreporting[18284] <Debug>: initWithSessionInfo: XPC connection interrupted
Jun  4 11:22:26 MacBook-Pro-de-Nikolai.local rtcreporting[18284] <Debug>: initWithSessionInfo: XPC connection interrupted
Jun  4 11:22:26 MacBook-Pro-de-Nikolai.local rtcreporting[18284] <Debug>: initWithSessionInfo: XPC connection interrupted
Jun  4 11:22:26 MacBook-Pro-de-Nikolai.local rtcreporting[18284] <Error>: sendMessageWithCategory: Failed to get remote object proxy: Error Domain=NSCocoaErrorDomain Code=4097 "The operation couldn’t be completed. (Cocoa error 4097.)" (connection to service named com.apple.rtcreportingd) UserInfo=0x7ca6d4a0 {NSDebugDescription=connection to service named com.apple.rtcreportingd}
Jun  4 11:22:26 MacBook-Pro-de-Nikolai.local rtcreporting[18284] <Error>: sendMessageWithCategory: Failed to get remote object proxy: Error Domain=NSCocoaErrorDomain Code=4097 "The operation couldn’t be completed. (Cocoa error 4097.)" (connection to service named com.apple.rtcreportingd) UserInfo=0x7cf6a250 {NSDebugDescription=connection to service named com.apple.rtcreportingd}
Jun  4 11:22:26 MacBook-Pro-de-Nikolai.local rtcreporting[18284] <Error>: sendMessageWithCategory: Failed to get remote object proxy: Error Domain=NSCocoaErrorDomain Code=4097 "The operation couldn’t be completed. (Cocoa error 4097.)" (connection to service named com.apple.rtcreportingd) UserInfo=0x7ee817f0 {NSDebugDescription=connection to service named com.apple.rtcreportingd}
